
CMA-ES to Nelder-Mead Sequential Handoff Optimizer
======================================================================
Samples: 80, Workers: 7
CMA-ES: fevals=15/28, sigma=0.18/0.22
NM: maxiter=8/12, top_n=2
Fallback threshold: 1-src=0.35, 2-src=0.45
======================================================================
[  1/80] Sample   1: 1-src RMSE=0.1025 sims= 69 time=60.7s [OK][NM]
[  2/80] Sample   4: 1-src RMSE=0.1504 sims= 70 time=62.0s [OK][NM]
[  3/80] Sample   2: 1-src RMSE=0.0073 sims= 72 time=64.1s [OK][NM]
[  4/80] Sample   0: 1-src RMSE=0.1036 sims= 67 time=69.9s [OK][NM]
[  5/80] Sample   5: 1-src RMSE=0.1486 sims= 70 time=73.3s [OK][NM]
[  6/80] Sample   3: 1-src RMSE=0.0167 sims= 69 time=76.6s [OK][NM]
[  7/80] Sample   6: 1-src RMSE=0.0982 sims= 71 time=79.9s [OK][NM]
[  8/80] Sample   8: 1-src RMSE=0.1022 sims= 68 time=58.5s [OK][NM]
[  9/80] Sample   9: 1-src RMSE=0.2127 sims= 69 time=74.5s [OK][NM]
[ 10/80] Sample  12: 1-src RMSE=0.1832 sims= 70 time=63.7s [OK][NM]
[ 11/80] Sample   7: 1-src RMSE=0.4622 sims= 70 time=85.7s [OK]
[ 12/80] Sample  10: 1-src RMSE=0.1532 sims= 68 time=92.1s [OK]
[ 13/80] Sample  11: 1-src RMSE=0.0330 sims= 71 time=98.4s [OK][NM]
[ 14/80] Sample  13: 1-src RMSE=0.0715 sims= 68 time=93.7s [OK]
[ 15/80] Sample  16: 1-src RMSE=0.1541 sims= 69 time=60.7s [OK][NM]
[ 16/80] Sample  14: 1-src RMSE=0.1498 sims= 71 time=96.5s [OK][NM]
[ 17/80] Sample  15: 1-src RMSE=0.1091 sims= 69 time=89.0s [OK][NM]
[ 18/80] Sample  20: 1-src RMSE=0.0094 sims= 69 time=60.9s [OK][NM]
[ 19/80] Sample  17: 1-src RMSE=0.1006 sims= 70 time=89.8s [OK][NM]
[ 20/80] Sample  18: 1-src RMSE=0.1015 sims= 70 time=96.1s [OK][NM]
[ 21/80] Sample  21: 1-src RMSE=0.0913 sims= 70 time=64.1s [OK][NM]
[ 22/80] Sample  19: 1-src RMSE=0.0991 sims= 72 time=99.2s [OK][NM]
[ 23/80] Sample  25: 1-src RMSE=0.1230 sims= 70 time=60.3s [OK][NM]
[ 24/80] Sample  24: 1-src RMSE=0.1042 sims= 72 time=66.8s [OK][NM]
[ 25/80] Sample  22: 1-src RMSE=0.1033 sims= 72 time=96.8s [OK][NM]
[ 26/80] Sample  23: 1-src RMSE=0.1008 sims= 70 time=86.9s [OK][NM]
[ 27/80] Sample  26: 1-src RMSE=0.1523 sims= 69 time=63.5s [OK][NM]
[ 28/80] Sample  28: 1-src RMSE=0.1099 sims= 70 time=64.5s [OK][NM]
[ 29/80] Sample  27: 1-src RMSE=0.1507 sims= 70 time=98.3s [OK][NM]
[ 30/80] Sample  29: 1-src RMSE=0.0991 sims= 69 time=72.5s [OK][NM]
[ 31/80] Sample  31: 1-src RMSE=0.1000 sims= 71 time=64.2s [OK][NM]
[ 32/80] Sample  30: 1-src RMSE=0.1017 sims= 70 time=78.9s [OK][NM]
[ 33/80] Sample  33: 2-src RMSE=0.1529 sims=184 time=160.8s [OK][NM]
[ 34/80] Sample  32: 2-src RMSE=0.0307 sims=194 time=205.0s [OK][NM]
[ 35/80] Sample  35: 2-src RMSE=0.2067 sims=186 time=158.3s [OK][NM]
[ 36/80] Sample  37: 2-src RMSE=0.1484 sims=182 time=151.7s [OK][NM]
[ 37/80] Sample  36: 2-src RMSE=0.1062 sims=172 time=202.3s [OK][NM]
[ 38/80] Sample  38: 2-src RMSE=0.1566 sims=182 time=213.3s [OK][NM]
[ 39/80] Sample  39: 2-src RMSE=0.2071 sims=200 time=154.5s [OK][NM]
[ 40/80] Sample  34: 2-src RMSE=0.4608 sims=302 time=306.6s [OK][NM]
[ 41/80] Sample  40: 2-src RMSE=0.1328 sims=180 time=132.0s [OK][NM]
[ 42/80] Sample  41: 2-src RMSE=0.1032 sims=186 time=139.0s [OK][NM]
[ 43/80] Sample  43: 2-src RMSE=0.1420 sims=176 time=126.4s [OK][NM]
[ 44/80] Sample  44: 2-src RMSE=0.1282 sims=184 time=131.1s [OK][NM]
[ 45/80] Sample  42: 2-src RMSE=0.1946 sims=180 time=199.1s [OK][NM]
[ 46/80] Sample  45: 2-src RMSE=0.2026 sims=190 time=141.2s [OK][NM]
[ 47/80] Sample  47: 2-src RMSE=0.1179 sims=186 time=134.6s [OK][NM]
[ 48/80] Sample  48: 2-src RMSE=0.2609 sims=190 time=143.1s [OK][NM]
[ 49/80] Sample  49: 2-src RMSE=0.1691 sims=178 time=128.6s [OK][NM]
[ 50/80] Sample  46: 2-src RMSE=0.1022 sims=182 time=198.6s [OK][NM]
[ 51/80] Sample  50: 2-src RMSE=0.2060 sims=186 time=135.0s [OK][NM]
[ 52/80] Sample  51: 2-src RMSE=0.1579 sims=186 time=135.8s [OK][NM]
[ 53/80] Sample  53: 2-src RMSE=0.0234 sims=176 time=129.1s [OK][NM]
[ 54/80] Sample  55: 2-src RMSE=0.0379 sims=188 time=138.1s [OK][NM]
[ 55/80] Sample  52: 2-src RMSE=0.2167 sims=188 time=208.2s [OK][NM]
[ 56/80] Sample  54: 2-src RMSE=0.3346 sims=292 time=211.2s [OK][NM]
[ 57/80] Sample  56: 2-src RMSE=0.0992 sims=186 time=200.0s [OK][NM]
[ 58/80] Sample  59: 2-src RMSE=0.0249 sims=180 time=127.7s [OK][NM]
[ 59/80] Sample  58: 2-src RMSE=0.1001 sims=182 time=188.6s [OK][NM]
[ 60/80] Sample  60: 2-src RMSE=0.1050 sims=186 time=125.4s [OK][NM]
[ 61/80] Sample  61: 2-src RMSE=0.0277 sims=190 time=124.6s [OK][NM]
[ 62/80] Sample  57: 2-src RMSE=0.4087 sims=298 time=263.0s [OK][NM]
[ 63/80] Sample  64: 2-src RMSE=0.1105 sims=178 time=114.6s [OK][NM]
[ 64/80] Sample  63: 2-src RMSE=0.2179 sims=184 time=120.3s [OK][NM]
[ 65/80] Sample  62: 2-src RMSE=0.1924 sims=180 time=180.2s [OK][NM]
[ 66/80] Sample  66: 2-src RMSE=0.1817 sims=182 time=119.5s [OK][NM]
[ 67/80] Sample  65: 2-src RMSE=0.4497 sims=184 time=183.0s [OK][NM]
[ 68/80] Sample  68: 2-src RMSE=0.1100 sims=186 time=122.3s [OK][NM]
[ 69/80] Sample  70: 2-src RMSE=0.1279 sims=182 time=120.4s [OK][NM]
[ 70/80] Sample  67: 2-src RMSE=0.2100 sims=190 time=192.4s [OK][NM]
[ 71/80] Sample  71: 2-src RMSE=0.2200 sims=178 time=120.3s [OK][NM]
[ 72/80] Sample  72: 2-src RMSE=0.1909 sims=184 time=124.8s [OK][NM]
[ 73/80] Sample  69: 2-src RMSE=0.1278 sims=180 time=182.8s [OK][NM]
[ 74/80] Sample  74: 2-src RMSE=0.1912 sims=190 time=128.0s [OK][NM]
[ 75/80] Sample  73: 2-src RMSE=0.1711 sims=184 time=155.8s [OK][NM]
[ 76/80] Sample  75: 2-src RMSE=0.1061 sims=186 time=156.4s [OK][NM]
[ 77/80] Sample  77: 2-src RMSE=0.1663 sims=184 time=123.1s [OK][NM]
[ 78/80] Sample  79: 2-src RMSE=0.1126 sims=190 time=126.4s [OK][NM]
[ 79/80] Sample  76: 2-src RMSE=0.2314 sims=186 time=186.4s [OK][NM]
[ 80/80] Sample  78: 2-src RMSE=0.4397 sims=182 time=183.9s [OK][NM]

======================================================================
RESULTS: CMA-ES -> NM Sequential Handoff
======================================================================
RMSE:             0.151592
Submission Score: 1.1439
Total Time:       1518.1s (25.3 min)
Projected (400):  126.5 min

  1-source: RMSE=0.1189 (n=32)
  2-source: RMSE=0.1734 (n=48)

NM refinement used: 77/80 samples
Fallback triggered: 3/80 samples

Target: Score >= 1.13 AND time <= 55 min
Baseline (robust_fallback): 1.1247 @ 57.2 min
This run:                   1.1439 @ 126.5 min
Delta:                      +0.0192 score, +69.3 min

STATUS: FAILED - Over budget by 66.5 min
======================================================================

