
============================================================
MULTI-ROUND PERTURBATION EXPERIMENT
============================================================
Samples: 80 (32 1-source, 48 2-source)
Workers: 7
Perturb rounds: 1
NM iters per round: 4
Perturb top N: 2
Perturbation scale: 0.06
Sigma: 0.18/0.22
NM polish iters: 8
Timestep fraction: 0.4
============================================================

[  1/80] Sample   4: 1-src RMSE=0.1543 cands=3 time=180.3s [OK]
[  2/80] Sample   2: 1-src RMSE=0.0161 cands=2 time=194.4s [OK]
[  3/80] Sample   1: 1-src RMSE=0.1028 cands=3 time=209.7s [OK]
[  4/80] Sample   3: 1-src RMSE=0.0142 cands=3 time=274.6s [OK]
[  5/80] Sample   0: 1-src RMSE=0.1247 cands=2 time=280.4s [OK]
[  6/80] Sample   6: 1-src RMSE=0.1108 cands=3 time=281.9s [OK] [MULTI_PERT:1]
[  7/80] Sample   5: 1-src RMSE=0.1700 cands=1 time=288.2s [OK]
[  8/80] Sample   8: 1-src RMSE=0.1107 cands=3 time=237.8s [OK]
[  9/80] Sample   7: 1-src RMSE=0.2799 cands=3 time=304.8s [OK]
[ 10/80] Sample  12: 1-src RMSE=0.1511 cands=3 time=221.8s [OK]
[ 11/80] Sample   9: 1-src RMSE=0.1883 cands=3 time=298.4s [OK] [MULTI_PERT:1]
[ 12/80] Sample  11: 1-src RMSE=0.0131 cands=3 time=300.0s [OK]
[ 13/80] Sample  10: 1-src RMSE=0.1512 cands=3 time=310.4s [OK]
[ 14/80] Sample  13: 1-src RMSE=0.1846 cands=2 time=310.7s [OK]
[ 15/80] Sample  16: 1-src RMSE=0.1543 cands=3 time=191.6s [OK]
[ 16/80] Sample  14: 1-src RMSE=0.1590 cands=3 time=285.9s [OK]
[ 17/80] Sample  15: 1-src RMSE=0.1020 cands=2 time=295.1s [OK]
[ 18/80] Sample  20: 1-src RMSE=0.0988 cands=2 time=190.5s [OK]
[ 19/80] Sample  17: 1-src RMSE=0.1073 cands=2 time=285.2s [OK]
[ 20/80] Sample  18: 1-src RMSE=0.1137 cands=3 time=299.4s [OK]
[ 21/80] Sample  19: 1-src RMSE=0.1050 cands=2 time=300.0s [OK]
[ 22/80] Sample  21: 1-src RMSE=0.1066 cands=3 time=193.9s [OK]
[ 23/80] Sample  24: 1-src RMSE=0.2245 cands=3 time=193.0s [OK]
[ 24/80] Sample  25: 1-src RMSE=0.2179 cands=2 time=196.7s [OK]
[ 25/80] Sample  22: 1-src RMSE=0.1273 cands=2 time=298.4s [OK]
[ 26/80] Sample  23: 1-src RMSE=0.1309 cands=3 time=295.9s [OK]
[ 27/80] Sample  28: 1-src RMSE=0.1030 cands=3 time=196.2s [OK]
[ 28/80] Sample  26: 1-src RMSE=0.1547 cands=3 time=208.0s [OK]
[ 29/80] Sample  27: 1-src RMSE=0.1514 cands=2 time=313.6s [OK]
[ 30/80] Sample  29: 1-src RMSE=0.0991 cands=3 time=236.3s [OK]
[ 31/80] Sample  31: 1-src RMSE=0.1026 cands=3 time=207.9s [OK] [MULTI_PERT:1]
[ 32/80] Sample  30: 1-src RMSE=0.1025 cands=3 time=253.9s [OK]
[ 33/80] Sample  33: 2-src RMSE=0.1728 cands=3 time=469.1s [OK]
[ 34/80] Sample  34: 2-src RMSE=0.3322 cands=3 time=612.1s [OK] [MULTI_PERT:1]
[ 35/80] Sample  32: 2-src RMSE=0.0293 cands=3 time=631.2s [OK]
[ 36/80] Sample  37: 2-src RMSE=0.1524 cands=3 time=484.4s [OK]
[ 37/80] Sample  35: 2-src RMSE=0.1043 cands=3 time=522.4s [OK] [MULTI_PERT:2]
[ 38/80] Sample  36: 2-src RMSE=0.2535 cands=3 time=696.1s [OK]
[ 39/80] Sample  38: 2-src RMSE=0.1977 cands=3 time=742.4s [OK] [MULTI_PERT:1]
[ 40/80] Sample  39: 2-src RMSE=0.3560 cands=3 time=449.7s [OK]
[ 41/80] Sample  40: 2-src RMSE=0.3228 cands=3 time=476.0s [OK]
[ 42/80] Sample  43: 2-src RMSE=0.1509 cands=3 time=488.2s [OK]
[ 43/80] Sample  41: 2-src RMSE=0.1711 cands=3 time=513.0s [OK] [MULTI_PERT:2]
[ 44/80] Sample  44: 2-src RMSE=0.1986 cands=3 time=488.8s [OK] [MULTI_PERT:1]
[ 45/80] Sample  42: 2-src RMSE=0.2180 cands=3 time=722.1s [OK]
[ 46/80] Sample  45: 2-src RMSE=0.2889 cands=3 time=469.4s [OK]
[ 47/80] Sample  47: 2-src RMSE=0.1298 cands=3 time=493.8s [OK]
[ 48/80] Sample  48: 2-src RMSE=0.1470 cands=3 time=490.3s [OK] [MULTI_PERT:1]
[ 49/80] Sample  49: 2-src RMSE=0.1641 cands=3 time=487.4s [OK] [MULTI_PERT:1]
[ 50/80] Sample  46: 2-src RMSE=0.2103 cands=3 time=741.6s [OK]
[ 51/80] Sample  50: 2-src RMSE=0.1978 cands=3 time=470.2s [OK] [MULTI_PERT:1]
[ 52/80] Sample  51: 2-src RMSE=0.4337 cands=3 time=485.9s [OK] [MULTI_PERT:1]
[ 53/80] Sample  52: 2-src RMSE=0.1787 cands=3 time=697.2s [OK]
[ 54/80] Sample  53: 2-src RMSE=0.1005 cands=3 time=491.7s [OK] [MULTI_PERT:1]
[ 55/80] Sample  55: 2-src RMSE=0.0415 cands=3 time=472.1s [OK]
[ 56/80] Sample  54: 2-src RMSE=0.2077 cands=3 time=494.3s [OK] [MULTI_PERT:1]
[ 57/80] Sample  56: 2-src RMSE=0.1029 cands=2 time=724.7s [OK] [MULTI_PERT:1]
[ 58/80] Sample  59: 2-src RMSE=0.0150 cands=3 time=450.3s [OK]
[ 59/80] Sample  60: 2-src RMSE=0.1209 cands=3 time=442.0s [OK]
[ 60/80] Sample  61: 2-src RMSE=0.3044 cands=3 time=447.3s [OK]
[ 61/80] Sample  58: 2-src RMSE=0.1764 cands=3 time=740.0s [OK]
[ 62/80] Sample  62: 2-src RMSE=0.0383 cands=3 time=692.1s [OK]
[ 63/80] Sample  63: 2-src RMSE=0.4005 cands=3 time=459.9s [OK]
[ 64/80] Sample  57: 2-src RMSE=0.5500 cands=3 time=1174.7s [OK] [MULTI_PERT:1]
[ 65/80] Sample  64: 2-src RMSE=0.1079 cands=3 time=483.7s [OK] [MULTI_PERT:1]
[ 66/80] Sample  66: 2-src RMSE=0.1867 cands=3 time=475.7s [OK] [MULTI_PERT:1]
[ 67/80] Sample  65: 2-src RMSE=0.3932 cands=3 time=741.9s [OK] [MULTI_PERT:1]
[ 68/80] Sample  68: 2-src RMSE=0.2224 cands=3 time=488.7s [OK]
[ 69/80] Sample  67: 2-src RMSE=0.1952 cands=3 time=722.1s [OK]
[ 70/80] Sample  70: 2-src RMSE=0.1891 cands=3 time=488.7s [OK]
[ 71/80] Sample  71: 2-src RMSE=0.1874 cands=3 time=468.9s [OK] [MULTI_PERT:1]
[ 72/80] Sample  72: 2-src RMSE=0.2387 cands=3 time=488.7s [OK] [MULTI_PERT:1]
[ 73/80] Sample  69: 2-src RMSE=0.4573 cands=3 time=697.6s [OK] [MULTI_PERT:1]
[ 74/80] Sample  74: 2-src RMSE=0.2931 cands=3 time=492.6s [OK]
[ 75/80] Sample  73: 2-src RMSE=0.1528 cands=3 time=625.4s [OK] [MULTI_PERT:1]
[ 76/80] Sample  75: 2-src RMSE=0.1380 cands=3 time=600.4s [OK] [MULTI_PERT:1]
[ 77/80] Sample  77: 2-src RMSE=0.1943 cands=3 time=457.9s [OK]
[ 78/80] Sample  79: 2-src RMSE=0.1227 cands=3 time=451.4s [OK]
[ 79/80] Sample  76: 2-src RMSE=0.3579 cands=3 time=589.3s [OK]
[ 80/80] Sample  78: 2-src RMSE=0.1720 cands=3 time=559.4s [OK]

======================================================================
RESULTS - Multi-Round Perturbation
======================================================================
Score:            1.1389
RMSE mean:        0.1776
Total time:       5151.1s
Projected (400):  429.3 min

  1-source: RMSE=0.1291 (n=32, time=254.2s)
  2-source: RMSE=0.2099 (n=48, time=563.6s)

Multi-perturbed candidates selected: 26 across 24/80 samples

Baseline (perturbed_extended_polish): 1.1464 @ 51.2 min
This run:                             1.1389 @ 429.3 min
Delta vs baseline:                    -0.0075 score, +378.1 min

STATUS: OVER BUDGET
======================================================================

State saved to /workspace/experiments/multi_round_perturbation/STATE.json
