
Stratified Sample Processing
======================================================================
Samples: 80, Workers: 7
Timestep fraction: 40%
1-source: fevals=15, polish=10 iter
2-source: fevals=36, polish=6 iter
======================================================================
[  1/80] Sample   1: 1-src RMSE=0.1027 cands=3 time=32.8s [OK] [P]
[  2/80] Sample   2: 1-src RMSE=0.0039 cands=3 time=33.1s [OK] [P]
[  3/80] Sample   4: 1-src RMSE=0.1487 cands=3 time=35.4s [OK] [P]
[  4/80] Sample   3: 1-src RMSE=0.0062 cands=3 time=40.9s [OK] [P]
[  5/80] Sample   6: 1-src RMSE=0.0978 cands=3 time=41.8s [OK] [P]
[  6/80] Sample   0: 1-src RMSE=0.1463 cands=2 time=42.0s [OK] [P]
[  7/80] Sample   5: 1-src RMSE=0.1484 cands=3 time=42.5s [OK] [P]
[  8/80] Sample   8: 1-src RMSE=0.0978 cands=2 time=32.5s [OK] [P]
[  9/80] Sample  12: 1-src RMSE=0.1490 cands=3 time=28.6s [OK] [P]
[ 10/80] Sample   9: 1-src RMSE=0.1460 cands=3 time=39.5s [OK] [P]
[ 11/80] Sample   7: 1-src RMSE=0.2063 cands=3 time=47.6s [OK] [P]
[ 12/80] Sample  13: 1-src RMSE=0.0178 cands=1 time=44.2s [OK]
[ 13/80] Sample  10: 1-src RMSE=0.1511 cands=3 time=46.7s [OK] [P]
[ 14/80] Sample  11: 1-src RMSE=0.0331 cands=3 time=49.7s [OK] [P]
[ 15/80] Sample  16: 1-src RMSE=0.1518 cands=1 time=33.5s [OK] [P]
[ 16/80] Sample  14: 1-src RMSE=0.1498 cands=3 time=47.8s [OK] [P]
[ 17/80] Sample  15: 1-src RMSE=0.1042 cands=3 time=49.7s [OK] [P]
[ 18/80] Sample  20: 1-src RMSE=0.0067 cands=2 time=31.9s [OK] [P]
[ 19/80] Sample  17: 1-src RMSE=0.1003 cands=3 time=49.3s [OK] [P]
[ 20/80] Sample  19: 1-src RMSE=0.0988 cands=2 time=46.2s [OK] [P]
[ 21/80] Sample  18: 1-src RMSE=0.1014 cands=3 time=52.3s [OK] [P]
[ 22/80] Sample  21: 1-src RMSE=0.0369 cands=3 time=33.9s [OK] [P]
[ 23/80] Sample  24: 1-src RMSE=0.1017 cands=3 time=34.3s [OK] [P]
[ 24/80] Sample  22: 1-src RMSE=0.1005 cands=2 time=45.3s [OK] [P]
[ 25/80] Sample  25: 1-src RMSE=0.1025 cands=2 time=35.4s [OK] [P]
[ 26/80] Sample  26: 1-src RMSE=0.1522 cands=3 time=32.5s [OK] [P]
[ 27/80] Sample  23: 1-src RMSE=0.1008 cands=3 time=51.0s [OK] [P]
[ 28/80] Sample  28: 1-src RMSE=0.1013 cands=3 time=34.7s [OK] [P]
[ 29/80] Sample  27: 1-src RMSE=0.1507 cands=1 time=54.0s [OK] [P]
[ 30/80] Sample  30: 1-src RMSE=0.1037 cands=3 time=42.7s [OK] [P]
[ 31/80] Sample  31: 1-src RMSE=0.0999 cands=3 time=36.3s [OK] [P]
[ 32/80] Sample  29: 1-src RMSE=0.0991 cands=1 time=44.3s [OK] [P]
[ 33/80] Sample  33: 2-src RMSE=0.1592 cands=3 time=63.3s [OK] [P]
[ 34/80] Sample  32: 2-src RMSE=0.1497 cands=3 time=86.9s [OK] [P]
[ 35/80] Sample  35: 2-src RMSE=0.1245 cands=3 time=66.8s [OK] [P]
[ 36/80] Sample  34: 2-src RMSE=0.4904 cands=3 time=91.4s [OK] [P]
[ 37/80] Sample  37: 2-src RMSE=0.1495 cands=3 time=76.0s [OK] [P]
[ 38/80] Sample  39: 2-src RMSE=0.1438 cands=3 time=75.3s [OK] [P]
[ 39/80] Sample  36: 2-src RMSE=0.1057 cands=1 time=109.1s [OK] [P]
[ 40/80] Sample  38: 2-src RMSE=0.1494 cands=3 time=109.3s [OK] [P]
[ 41/80] Sample  40: 2-src RMSE=0.1629 cands=3 time=77.0s [OK] [P]
[ 42/80] Sample  41: 2-src RMSE=0.1084 cands=3 time=76.6s [OK] [P]
[ 43/80] Sample  43: 2-src RMSE=0.1093 cands=3 time=80.3s [OK] [P]
[ 44/80] Sample  42: 2-src RMSE=0.3045 cands=3 time=117.1s [OK] [P]
[ 45/80] Sample  45: 2-src RMSE=0.1927 cands=3 time=77.9s [OK] [P]
[ 46/80] Sample  44: 2-src RMSE=0.1177 cands=3 time=78.9s [OK] [P]
[ 47/80] Sample  47: 2-src RMSE=0.1071 cands=3 time=76.8s [OK] [P]
[ 48/80] Sample  48: 2-src RMSE=0.0691 cands=3 time=80.3s [OK] [P]
[ 49/80] Sample  46: 2-src RMSE=0.1494 cands=3 time=120.7s [OK] [P]
[ 50/80] Sample  49: 2-src RMSE=0.1867 cands=3 time=79.0s [OK] [P]
[ 51/80] Sample  50: 2-src RMSE=0.1748 cands=3 time=73.3s [OK] [P]
[ 52/80] Sample  51: 2-src RMSE=0.3024 cands=3 time=79.1s [OK] [P]
[ 53/80] Sample  53: 2-src RMSE=0.1033 cands=3 time=77.1s [OK] [P]
[ 54/80] Sample  54: 2-src RMSE=0.1191 cands=3 time=76.1s [OK] [P]
[ 55/80] Sample  52: 2-src RMSE=0.1925 cands=3 time=119.4s [OK] [P]
[ 56/80] Sample  55: 2-src RMSE=0.0355 cands=3 time=80.9s [OK] [P]
[ 57/80] Sample  56: 2-src RMSE=0.1004 cands=2 time=113.1s [OK]
[ 58/80] Sample  57: 2-src RMSE=0.4855 cands=3 time=97.4s [OK] [P]
[ 59/80] Sample  59: 2-src RMSE=0.0375 cands=3 time=77.1s [OK] [P]
[ 60/80] Sample  60: 2-src RMSE=0.1114 cands=3 time=79.1s [OK] [P]
[ 61/80] Sample  61: 2-src RMSE=0.0697 cands=3 time=77.8s [OK] [P]
[ 62/80] Sample  58: 2-src RMSE=0.1148 cands=3 time=122.2s [OK] [P]
[ 63/80] Sample  63: 2-src RMSE=0.2606 cands=3 time=76.0s [OK] [P]
[ 64/80] Sample  62: 2-src RMSE=0.1313 cands=3 time=115.4s [OK] [P]
[ 65/80] Sample  64: 2-src RMSE=0.1080 cands=3 time=75.1s [OK] [P]
[ 66/80] Sample  66: 2-src RMSE=0.0977 cands=3 time=79.0s [OK] [P]
[ 67/80] Sample  68: 2-src RMSE=0.1101 cands=3 time=77.2s [OK] [P]
[ 68/80] Sample  65: 2-src RMSE=0.1312 cands=3 time=119.0s [OK] [P]
[ 69/80] Sample  67: 2-src RMSE=0.1752 cands=3 time=120.0s [OK] [P]
[ 70/80] Sample  71: 2-src RMSE=0.2276 cands=3 time=76.6s [OK] [P]
[ 71/80] Sample  70: 2-src RMSE=0.1213 cands=3 time=80.8s [OK] [P]
[ 72/80] Sample  72: 2-src RMSE=0.3134 cands=3 time=83.7s [OK] [P]
[ 73/80] Sample  69: 2-src RMSE=0.0783 cands=3 time=119.3s [OK] [P]
[ 74/80] Sample  74: 2-src RMSE=0.2429 cands=3 time=75.8s [OK] [P]
[ 75/80] Sample  73: 2-src RMSE=0.1707 cands=3 time=102.2s [OK] [P]
[ 76/80] Sample  77: 2-src RMSE=0.1599 cands=3 time=73.5s [OK] [P]
[ 77/80] Sample  75: 2-src RMSE=0.1059 cands=3 time=90.1s [OK] [P]
[ 78/80] Sample  79: 2-src RMSE=0.1112 cands=3 time=64.4s [OK] [P]
[ 79/80] Sample  76: 2-src RMSE=0.1209 cands=3 time=102.3s [OK] [P]
[ 80/80] Sample  78: 2-src RMSE=0.2170 cands=2 time=94.7s [OK] [P]

======================================================================
RESULTS - Stratified Sample Processing
======================================================================
Submission Score: 1.1605
Projected (400):  69.1 min
  1-source: RMSE=0.1037 (n=32)
  2-source: RMSE=0.1606 (n=48)

Baseline (1.1688 @ 58.4 min):
  This run:    1.1605 @ 69.1 min
  Delta:       -0.0083 score, +10.7 min
======================================================================

/workspace/.venv/lib/python3.11/site-packages/mlflow/tracking/_tracking_service/utils.py:177: FutureWarning: The filesystem tracking backend (e.g., './mlruns') will be deprecated in February 2026. Consider transitioning to a database backend (e.g., 'sqlite:///mlflow.db') to take advantage of the latest MLflow features. See https://github.com/mlflow/mlflow/issues/18534 for more details and migration guidance.
  return FileStore(store_uri, store_uri)
MLflow run ID: 318fec91ab164abb868ce339c41de64f
