
============================================================
ASYMMETRIC NM ITERATIONS EXPERIMENT
============================================================
Samples: 20 (20 1-source, 0 2-source)
Workers: 7
NM iters: 8 for 1-src, 8 for 2-src
============================================================
[  1/20] Sample   4: 1-src RMSE=0.1509 cands=3 time=88.5s [OK]
[  2/20] Sample   2: 1-src RMSE=0.0680 cands=3 time=92.4s [OK]
[  3/20] Sample   1: 1-src RMSE=0.1387 cands=3 time=94.0s [OK]
[  4/20] Sample   3: 1-src RMSE=0.0132 cands=3 time=110.0s [OK]
[  5/20] Sample   6: 1-src RMSE=0.1328 cands=3 time=116.6s [OK]
[  6/20] Sample   5: 1-src RMSE=0.1845 cands=2 time=118.8s [OK]
[  7/20] Sample   0: 1-src RMSE=0.1211 cands=3 time=118.9s [OK]
[  8/20] Sample   8: 1-src RMSE=0.0994 cands=2 time=96.5s [OK]
[  9/20] Sample   9: 1-src RMSE=0.1835 cands=3 time=114.4s [OK]
[ 10/20] Sample  12: 1-src RMSE=0.1910 cands=3 time=95.1s [OK]
[ 11/20] Sample   7: 1-src RMSE=0.1540 cands=3 time=129.1s [OK]
[ 12/20] Sample  10: 1-src RMSE=0.1529 cands=2 time=140.1s [OK]
[ 13/20] Sample  11: 1-src RMSE=0.0201 cands=3 time=141.8s [OK]
[ 14/20] Sample  13: 1-src RMSE=0.1315 cands=2 time=148.7s [OK]
[ 15/20] Sample  16: 1-src RMSE=0.1656 cands=3 time=95.9s [OK]
[ 16/20] Sample  14: 1-src RMSE=0.1548 cands=3 time=137.1s [OK]
[ 17/20] Sample  15: 1-src RMSE=0.1081 cands=3 time=132.0s [OK]
[ 18/20] Sample  17: 1-src RMSE=0.1046 cands=2 time=127.2s [OK]
[ 19/20] Sample  18: 1-src RMSE=0.1192 cands=2 time=115.5s [OK]
[ 20/20] Sample  19: 1-src RMSE=0.1023 cands=1 time=108.1s [OK]

======================================================================
RESULTS - Asymmetric NM Iterations
======================================================================
Score:            1.1507
RMSE mean:        0.1248
Total time:       366.7s
Projected (400):  122.2 min

  1-source: RMSE=0.1248 (n=20, time=116.0s)

Baseline:  1.1468 @ 54.2 min (perturbation_plus_verification)
This run:  1.1507 @ 122.2 min
Delta:     +0.0039 score, +68.0 min

STATUS: OVER BUDGET
======================================================================

