
============================================================
ASYMMETRIC NM ITERATIONS EXPERIMENT
============================================================
Samples: 40 (32 1-source, 8 2-source)
Workers: 7
NM iters: 6 for 1-src, 10 for 2-src
============================================================
[  1/40] Sample   2: 1-src RMSE=0.0421 cands=3 time=85.3s [OK]
[  2/40] Sample   1: 1-src RMSE=0.1523 cands=3 time=86.9s [OK]
[  3/40] Sample   4: 1-src RMSE=0.1507 cands=3 time=86.9s [OK]
[  4/40] Sample   6: 1-src RMSE=0.1267 cands=3 time=107.8s [OK]
[  5/40] Sample   5: 1-src RMSE=0.1717 cands=2 time=108.0s [OK]
[  6/40] Sample   3: 1-src RMSE=0.1027 cands=3 time=108.8s [OK]
[  7/40] Sample   0: 1-src RMSE=0.2023 cands=3 time=115.8s [OK]
[  8/40] Sample   8: 1-src RMSE=0.0993 cands=2 time=87.5s [OK]
[  9/40] Sample  12: 1-src RMSE=0.1726 cands=3 time=85.5s [OK]
[ 10/40] Sample   9: 1-src RMSE=0.1961 cands=3 time=109.5s [OK]
[ 11/40] Sample   7: 1-src RMSE=0.2600 cands=3 time=131.6s [OK]
[ 12/40] Sample  10: 1-src RMSE=0.1536 cands=3 time=132.2s [OK]
[ 13/40] Sample  11: 1-src RMSE=0.0156 cands=3 time=132.4s [OK]
[ 14/40] Sample  13: 1-src RMSE=0.2668 cands=3 time=135.9s [OK]
[ 15/40] Sample  16: 1-src RMSE=0.1534 cands=3 time=86.8s [OK]
[ 16/40] Sample  14: 1-src RMSE=0.1546 cands=3 time=129.5s [OK]
[ 17/40] Sample  15: 1-src RMSE=0.0475 cands=3 time=132.7s [OK]
[ 18/40] Sample  20: 1-src RMSE=0.0565 cands=3 time=90.4s [OK]
[ 19/40] Sample  17: 1-src RMSE=0.1149 cands=3 time=133.4s [OK]
[ 20/40] Sample  21: 1-src RMSE=0.1205 cands=3 time=89.9s [OK]
[ 21/40] Sample  19: 1-src RMSE=0.1018 cands=1 time=136.3s [OK]
[ 22/40] Sample  18: 1-src RMSE=0.1150 cands=3 time=141.5s [OK]
[ 23/40] Sample  24: 1-src RMSE=0.2710 cands=2 time=91.1s [OK]
[ 24/40] Sample  22: 1-src RMSE=0.1131 cands=3 time=140.1s [OK]
[ 25/40] Sample  25: 1-src RMSE=0.1901 cands=3 time=93.8s [OK]
[ 26/40] Sample  23: 1-src RMSE=0.1025 cands=3 time=136.5s [OK]
[ 27/40] Sample  26: 1-src RMSE=0.1525 cands=3 time=92.4s [OK]
[ 28/40] Sample  28: 1-src RMSE=0.1271 cands=3 time=90.7s [OK]
[ 29/40] Sample  27: 1-src RMSE=0.1511 cands=1 time=142.7s [OK]
[ 30/40] Sample  31: 1-src RMSE=0.1008 cands=3 time=91.4s [OK]
[ 31/40] Sample  29: 1-src RMSE=0.0992 cands=2 time=116.1s [OK]
[ 32/40] Sample  30: 1-src RMSE=0.1037 cands=3 time=123.1s [OK]
[ 33/40] Sample  33: 2-src RMSE=0.2053 cands=3 time=231.6s [OK]
[ 34/40] Sample  35: 2-src RMSE=0.1917 cands=2 time=228.8s [OK]
[ 35/40] Sample  32: 2-src RMSE=0.1837 cands=3 time=286.8s [OK]
[ 36/40] Sample  34: 2-src RMSE=0.3965 cands=3 time=287.0s [OK]
[ 37/40] Sample  37: 2-src RMSE=0.1486 cands=3 time=225.3s [OK]
[ 38/40] Sample  36: 2-src RMSE=0.2185 cands=3 time=299.8s [OK]
[ 39/40] Sample  38: 2-src RMSE=0.1516 cands=3 time=286.1s [OK]
[ 40/40] Sample  39: 2-src RMSE=0.2357 cands=3 time=159.9s [OK]

======================================================================
RESULTS - Asymmetric NM Iterations
======================================================================
Score:            1.1479
RMSE mean:        0.1530
Total time:       857.2s
Projected (400):  142.9 min

  1-source: RMSE=0.1371 (n=32, time=111.6s)
  2-source: RMSE=0.2164 (n=8, time=250.7s)

Baseline:  1.1468 @ 54.2 min (perturbation_plus_verification)
This run:  1.1479 @ 142.9 min
Delta:     +0.0011 score, +88.7 min

STATUS: OVER BUDGET
======================================================================

