
More Inits Select Best Optimizer
============================================================
Samples: 80, Workers: 7
N Inits: 6, Fevals: 12/20
Keep Top N: 5, Polish: 8 iters
Sigma: 0.15/0.2, Timestep: 40%
============================================================
/workspace/.venv/lib/python3.11/site-packages/mlflow/tracking/_tracking_service/utils.py:177: FutureWarning: The filesystem tracking backend (e.g., './mlruns') will be deprecated in February 2026. Consider transitioning to a database backend (e.g., 'sqlite:///mlflow.db') to take advantage of the latest MLflow features. See https://github.com/mlflow/mlflow/issues/18534 for more details and migration guidance.
  return FileStore(store_uri, store_uri)
[ 10/80] 1-src RMSE=0.1495 cands=3 [OK]
[ 20/80] 1-src RMSE=0.1019 cands=2 [OK]
[ 30/80] 1-src RMSE=0.1002 cands=3 [OK]
[ 40/80] 2-src RMSE=0.1543 cands=3 [OK]
[ 50/80] 2-src RMSE=0.1013 cands=3 [OK]
[ 60/80] 2-src RMSE=0.0629 cands=3 [OK]
[ 70/80] 2-src RMSE=0.2732 cands=3 [OK]
[ 80/80] 2-src RMSE=0.4263 cands=3 [OK]

======================================================================
RESULTS - More Inits (6 inits)
======================================================================
Score:      1.1499
Time:       71.0 min (projected for 400 samples)
RMSE:       0.1532
  1-source: 0.1082 (n=32)
  2-source: 0.1831 (n=48)

Baseline:   1.1688 @ 58.4 min
Delta:      -0.0189 score, +12.6 min

OVER BUDGET
======================================================================

