
Adjusted Dissimilarity Threshold Experiment
======================================================================
Samples: 80, Workers: 7
Tau (dissimilarity threshold): 0.15 (baseline: 0.2)
Timestep fraction: 40%
Final polish: 8 NM iters
======================================================================
[  1/80] Sample   2: 1-src RMSE=0.0006 cands=3 time=27.3s [OK] [P]
[  2/80] Sample   4: 1-src RMSE=0.1509 cands=3 time=27.8s [OK] [P]
[  3/80] Sample   1: 1-src RMSE=0.1026 cands=3 time=28.3s [OK] [P]
[  4/80] Sample   0: 1-src RMSE=0.0989 cands=3 time=35.6s [OK] [P]
[  5/80] Sample   6: 1-src RMSE=0.1007 cands=3 time=35.7s [OK] [P]
[  6/80] Sample   3: 1-src RMSE=0.0447 cands=3 time=36.4s [OK] [P]
[  7/80] Sample   5: 1-src RMSE=0.1499 cands=3 time=37.7s [OK] [P]
[  8/80] Sample   8: 1-src RMSE=0.0978 cands=2 time=28.1s [OK] [P]
[  9/80] Sample   9: 1-src RMSE=0.1463 cands=3 time=37.1s [OK] [P]
[ 10/80] Sample  12: 1-src RMSE=0.1505 cands=3 time=29.1s [OK] [P]
[ 11/80] Sample   7: 1-src RMSE=0.2019 cands=3 time=40.8s [OK] [P]
[ 12/80] Sample  11: 1-src RMSE=0.0021 cands=3 time=43.3s [OK] [P]
[ 13/80] Sample  13: 1-src RMSE=0.1327 cands=3 time=42.7s [OK] [P]
[ 14/80] Sample  10: 1-src RMSE=0.1522 cands=3 time=45.2s [OK] [P]
[ 15/80] Sample  16: 1-src RMSE=0.1518 cands=3 time=29.5s [OK] [P]
[ 16/80] Sample  14: 1-src RMSE=0.1498 cands=3 time=43.2s [OK] [P]
[ 17/80] Sample  15: 1-src RMSE=0.1397 cands=3 time=42.7s [OK] [P]
[ 18/80] Sample  20: 1-src RMSE=0.0107 cands=3 time=27.5s [OK]
[ 19/80] Sample  17: 1-src RMSE=0.0998 cands=2 time=43.7s [OK] [P]
[ 20/80] Sample  18: 1-src RMSE=0.1104 cands=3 time=43.5s [OK] [P]
[ 21/80] Sample  21: 1-src RMSE=0.0569 cands=3 time=28.9s [OK] [P]
[ 22/80] Sample  19: 1-src RMSE=0.0988 cands=2 time=43.9s [OK] [P]
[ 23/80] Sample  24: 1-src RMSE=0.1038 cands=3 time=27.7s [OK] [P]
[ 24/80] Sample  25: 1-src RMSE=0.1138 cands=3 time=29.4s [OK] [P]
[ 25/80] Sample  22: 1-src RMSE=0.1008 cands=3 time=43.9s [OK] [P]
[ 26/80] Sample  26: 1-src RMSE=0.1522 cands=3 time=28.5s [OK] [P]
[ 27/80] Sample  23: 1-src RMSE=0.1008 cands=3 time=44.2s [OK] [P]
[ 28/80] Sample  28: 1-src RMSE=0.1508 cands=3 time=28.5s [OK] [P]
[ 29/80] Sample  27: 1-src RMSE=0.1507 cands=2 time=44.0s [OK] [P]
[ 30/80] Sample  31: 1-src RMSE=0.1001 cands=3 time=27.8s [OK] [P]
[ 31/80] Sample  29: 1-src RMSE=0.0991 cands=2 time=37.5s [OK] [P]
[ 32/80] Sample  30: 1-src RMSE=0.1009 cands=3 time=36.8s [OK] [P]
[ 33/80] Sample  33: 2-src RMSE=0.1640 cands=3 time=68.2s [OK] [P]
[ 34/80] Sample  34: 2-src RMSE=0.1587 cands=3 time=79.7s [OK] [P]
[ 35/80] Sample  35: 2-src RMSE=0.1057 cands=3 time=66.0s [OK] [P]
[ 36/80] Sample  32: 2-src RMSE=0.0208 cands=3 time=89.3s [OK] [P]
[ 37/80] Sample  37: 2-src RMSE=0.1516 cands=3 time=69.7s [OK] [P]
[ 38/80] Sample  36: 2-src RMSE=0.2701 cands=3 time=100.7s [OK] [P]
[ 39/80] Sample  38: 2-src RMSE=0.1509 cands=3 time=102.1s [OK] [P]
[ 40/80] Sample  39: 2-src RMSE=0.3122 cands=3 time=75.3s [OK] [P]
[ 41/80] Sample  40: 2-src RMSE=0.2273 cands=3 time=74.1s [OK] [P]
[ 42/80] Sample  41: 2-src RMSE=0.1247 cands=3 time=82.7s [OK] [P]
[ 43/80] Sample  43: 2-src RMSE=0.1877 cands=3 time=75.4s [OK] [P]
[ 44/80] Sample  44: 2-src RMSE=0.1202 cands=3 time=81.1s [OK] [P]
[ 45/80] Sample  42: 2-src RMSE=0.1417 cands=3 time=114.1s [OK] [P]
[ 46/80] Sample  45: 2-src RMSE=0.1769 cands=3 time=74.5s [OK] [P]
[ 47/80] Sample  47: 2-src RMSE=0.1098 cands=3 time=85.5s [OK] [P]
[ 48/80] Sample  48: 2-src RMSE=0.2817 cands=3 time=85.1s [OK] [P]
[ 49/80] Sample  49: 2-src RMSE=0.1592 cands=3 time=87.6s [OK] [P]
[ 50/80] Sample  46: 2-src RMSE=0.1718 cands=3 time=123.4s [OK] [P]
[ 51/80] Sample  51: 2-src RMSE=0.2761 cands=3 time=74.8s [OK] [P]
[ 52/80] Sample  50: 2-src RMSE=0.1623 cands=3 time=83.7s [OK] [P]
[ 53/80] Sample  52: 2-src RMSE=0.1548 cands=3 time=123.6s [OK] [P]
[ 54/80] Sample  53: 2-src RMSE=0.0433 cands=3 time=89.4s [OK] [P]
[ 55/80] Sample  54: 2-src RMSE=0.1066 cands=3 time=88.1s [OK] [P]
[ 56/80] Sample  55: 2-src RMSE=0.1074 cands=3 time=85.0s [OK] [P]
[ 57/80] Sample  57: 2-src RMSE=0.2154 cands=3 time=95.1s [OK] [P]
[ 58/80] Sample  56: 2-src RMSE=0.1089 cands=3 time=125.6s [OK] [P]
[ 59/80] Sample  58: 2-src RMSE=0.0994 cands=3 time=122.7s [OK] [P]
[ 60/80] Sample  59: 2-src RMSE=0.0318 cands=3 time=83.5s [OK] [P]
[ 61/80] Sample  60: 2-src RMSE=0.1237 cands=3 time=86.3s [OK] [P]
[ 62/80] Sample  61: 2-src RMSE=0.0451 cands=3 time=79.5s [OK] [P]
[ 63/80] Sample  63: 2-src RMSE=0.4574 cands=3 time=85.2s [OK] [P]
[ 64/80] Sample  62: 2-src RMSE=0.1186 cands=3 time=124.2s [OK] [P]
[ 65/80] Sample  64: 2-src RMSE=0.1048 cands=3 time=84.6s [OK] [P]
[ 66/80] Sample  66: 2-src RMSE=0.0875 cands=3 time=76.7s [OK] [P]
[ 67/80] Sample  68: 2-src RMSE=0.1118 cands=3 time=78.9s [OK] [P]
[ 68/80] Sample  65: 2-src RMSE=0.1985 cands=3 time=114.6s [OK] [P]
[ 69/80] Sample  67: 2-src RMSE=0.1714 cands=3 time=114.1s [OK] [P]
[ 70/80] Sample  70: 2-src RMSE=0.1336 cands=3 time=75.3s [OK] [P]
[ 71/80] Sample  71: 2-src RMSE=0.1587 cands=3 time=70.5s [OK] [P]
[ 72/80] Sample  72: 2-src RMSE=0.2130 cands=3 time=74.5s [OK] [P]
[ 73/80] Sample  69: 2-src RMSE=0.2163 cands=3 time=111.7s [OK] [P]
[ 74/80] Sample  73: 2-src RMSE=0.1628 cands=3 time=87.7s [OK] [P]
[ 75/80] Sample  74: 2-src RMSE=0.2214 cands=3 time=66.7s [OK] [P]
[ 76/80] Sample  77: 2-src RMSE=0.1760 cands=3 time=64.2s [OK] [P]
[ 77/80] Sample  75: 2-src RMSE=0.1026 cands=3 time=86.5s [OK] [P]
[ 78/80] Sample  79: 2-src RMSE=0.1036 cands=3 time=69.0s [OK] [P]
[ 79/80] Sample  76: 2-src RMSE=0.1352 cands=3 time=100.0s [OK] [P]
[ 80/80] Sample  78: 2-src RMSE=0.3054 cands=3 time=93.4s [OK] [P]

======================================================================
RESULTS - Adjusted Tau Threshold (tau=0.15)
======================================================================
Submission Score: 1.1741
Projected (400):  67.2 min
Candidate distribution: 1-cand=0, 2-cand=5, 3-cand=75
  1-source: RMSE=0.1101 (n=32)
  2-source: RMSE=0.1602 (n=48)

Baseline (1.1688 @ 58.4 min, tau=0.2):
  This run:    1.1741 @ 67.2 min
  Delta:       +0.0053 score, +8.8 min
======================================================================

/workspace/.venv/lib/python3.11/site-packages/mlflow/tracking/_tracking_service/utils.py:177: FutureWarning: The filesystem tracking backend (e.g., './mlruns') will be deprecated in February 2026. Consider transitioning to a database backend (e.g., 'sqlite:///mlflow.db') to take advantage of the latest MLflow features. See https://github.com/mlflow/mlflow/issues/18534 for more details and migration guidance.
  return FileStore(store_uri, store_uri)
MLflow run ID: f59e248951db4d92bbd8e9869225c017
