
Adaptive Timestep Fraction Optimizer
============================================================
Samples: 80, Workers: 7
Adaptive fidelity: 25% -> 40% at 50% of fevals
Fevals: 20/36
Final polish: 8 iterations (full timesteps)
============================================================
[  1/80] Sample   4: 1-src RMSE=0.1508 cands=3 time=30.7s [OK]
[  2/80] Sample   2: 1-src RMSE=0.0378 cands=2 time=32.1s [OK]
[  3/80] Sample   1: 1-src RMSE=0.1769 cands=2 time=32.2s [OK]
[  4/80] Sample   3: 1-src RMSE=0.0062 cands=3 time=40.5s [OK]
[  5/80] Sample   0: 1-src RMSE=0.1027 cands=2 time=41.6s [OK]
[  6/80] Sample   6: 1-src RMSE=0.0981 cands=3 time=42.6s [OK]
[  7/80] Sample   5: 1-src RMSE=0.1498 cands=2 time=43.0s [OK]
[  8/80] Sample   8: 1-src RMSE=0.1022 cands=3 time=32.9s [OK]
[  9/80] Sample   9: 1-src RMSE=0.1467 cands=3 time=41.9s [OK]
[ 10/80] Sample  12: 1-src RMSE=0.1682 cands=3 time=31.8s [OK]
[ 11/80] Sample   7: 1-src RMSE=0.2161 cands=3 time=47.1s [OK]
[ 12/80] Sample  10: 1-src RMSE=0.1510 cands=2 time=49.0s [OK]
[ 13/80] Sample  13: 1-src RMSE=0.0457 cands=1 time=49.4s [OK]
[ 14/80] Sample  11: 1-src RMSE=0.0585 cands=3 time=51.1s [OK]
[ 15/80] Sample  16: 1-src RMSE=0.1519 cands=1 time=32.5s [OK]
[ 16/80] Sample  14: 1-src RMSE=0.1502 cands=3 time=48.5s [OK]
[ 17/80] Sample  15: 1-src RMSE=0.1147 cands=3 time=50.0s [OK]
[ 18/80] Sample  20: 1-src RMSE=0.0156 cands=2 time=34.8s [OK]
[ 19/80] Sample  17: 1-src RMSE=0.1007 cands=3 time=50.7s [OK]
[ 20/80] Sample  18: 1-src RMSE=0.1028 cands=2 time=51.5s [OK]
[ 21/80] Sample  21: 1-src RMSE=0.0326 cands=2 time=34.1s [OK]
[ 22/80] Sample  19: 1-src RMSE=0.0988 cands=2 time=55.6s [OK]
[ 23/80] Sample  22: 1-src RMSE=0.1010 cands=2 time=42.3s [OK]
[ 24/80] Sample  24: 1-src RMSE=0.1085 cands=3 time=31.7s [OK]
[ 25/80] Sample  25: 1-src RMSE=0.1035 cands=2 time=32.9s [OK]
[ 26/80] Sample  23: 1-src RMSE=0.1008 cands=3 time=47.2s [OK]
[ 27/80] Sample  26: 1-src RMSE=0.1522 cands=3 time=33.4s [OK]
[ 28/80] Sample  28: 1-src RMSE=0.0994 cands=3 time=34.0s [OK]
[ 29/80] Sample  27: 1-src RMSE=0.1507 cands=1 time=49.8s [OK]
[ 30/80] Sample  29: 1-src RMSE=0.0991 cands=2 time=39.5s [OK]
[ 31/80] Sample  31: 1-src RMSE=0.1002 cands=3 time=34.1s [OK]
[ 32/80] Sample  30: 1-src RMSE=0.1049 cands=3 time=40.2s [OK]
[ 33/80] Sample  33: 2-src RMSE=0.1518 cands=3 time=75.7s [OK]
[ 34/80] Sample  35: 2-src RMSE=0.1088 cands=3 time=74.9s [OK]
[ 35/80] Sample  32: 2-src RMSE=0.2853 cands=3 time=99.0s [OK]
[ 36/80] Sample  37: 2-src RMSE=0.1490 cands=3 time=82.8s [OK]
[ 37/80] Sample  34: 2-src RMSE=0.1606 cands=3 time=100.8s [OK]
[ 38/80] Sample  38: 2-src RMSE=0.1700 cands=3 time=112.7s [OK]
[ 39/80] Sample  36: 2-src RMSE=0.1121 cands=1 time=120.6s [OK]
[ 40/80] Sample  39: 2-src RMSE=0.1212 cands=3 time=75.6s [OK]
[ 41/80] Sample  41: 2-src RMSE=0.1150 cands=3 time=70.7s [OK]
[ 42/80] Sample  40: 2-src RMSE=0.2779 cands=3 time=79.3s [OK]
[ 43/80] Sample  43: 2-src RMSE=0.1292 cands=3 time=77.8s [OK]
