
============================================================
SIGMA FINE-TUNE EXPERIMENT
============================================================
Samples: 20 (20 1-source, 0 2-source)
Workers: 7
Sigma: 0.18/0.22 (1-src/2-src)
============================================================
[  1/20] Sample   2: 1-src RMSE=0.0537 cands=2 time=117.1s [OK]
[  2/20] Sample   4: 1-src RMSE=0.1510 cands=3 time=119.6s [OK]
[  3/20] Sample   1: 1-src RMSE=0.1565 cands=3 time=134.4s [OK]
[  4/20] Sample   0: 1-src RMSE=0.1576 cands=3 time=145.3s [OK]
[  5/20] Sample   6: 1-src RMSE=0.1387 cands=3 time=148.5s [OK]
[  6/20] Sample   5: 1-src RMSE=0.1835 cands=2 time=148.8s [OK]
[  7/20] Sample   3: 1-src RMSE=0.0159 cands=3 time=164.1s [OK]
[  8/20] Sample   8: 1-src RMSE=0.0989 cands=3 time=110.2s [OK]
[  9/20] Sample  12: 1-src RMSE=0.1877 cands=3 time=121.4s [OK]
[ 10/20] Sample   9: 1-src RMSE=0.2377 cands=3 time=146.3s [OK]
[ 11/20] Sample   7: 1-src RMSE=0.1537 cands=3 time=172.0s [OK]
[ 12/20] Sample  11: 1-src RMSE=0.0573 cands=2 time=170.1s [OK]
[ 13/20] Sample  10: 1-src RMSE=0.1521 cands=3 time=182.2s [OK]
[ 14/20] Sample  13: 1-src RMSE=0.1446 cands=1 time=183.0s [OK]
[ 15/20] Sample  16: 1-src RMSE=0.1572 cands=2 time=109.3s [OK]
[ 16/20] Sample  14: 1-src RMSE=0.1571 cands=3 time=163.6s [OK]
[ 17/20] Sample  15: 1-src RMSE=0.1012 cands=3 time=148.2s [OK]
[ 18/20] Sample  17: 1-src RMSE=0.1135 cands=3 time=140.5s [OK]
[ 19/20] Sample  18: 1-src RMSE=0.1118 cands=3 time=127.1s [OK]
[ 20/20] Sample  19: 1-src RMSE=0.1018 cands=2 time=118.9s [OK]

======================================================================
RESULTS - Sigma Fine-Tune (0.18/0.22)
======================================================================
Score:            1.1505
RMSE mean:        0.1316
Total time:       446.5s
Projected (400):  148.8 min

  1-source: RMSE=0.1316 (n=20, time=143.5s)

Baseline:  1.1468 @ 54.2 min (perturbation_plus_verification)
This run:  1.1505 @ 148.8 min
Delta:     +0.0037 score, +94.6 min

STATUS: OVER BUDGET
======================================================================

