
IPOP-CMA-ES with Temporal Fidelity
============================================================
Samples: 80, Workers: 7
Timestep fraction: 40%
IPOP: max_restarts=1, popsize_factor=2
Initial popsize: 4
Fevals: 25/45
Final polish: 8 iterations
============================================================
[  1/80] Sample   1: 1-src RMSE=0.1023 cands=3 time=33.6s [OK]
[  2/80] Sample   4: 1-src RMSE=0.1509 cands=2 time=34.6s [OK]
[  3/80] Sample   2: 1-src RMSE=0.0329 cands=3 time=36.5s [OK]
[  4/80] Sample   0: 1-src RMSE=0.0990 cands=3 time=43.5s [OK]
[  5/80] Sample   5: 1-src RMSE=0.1514 cands=3 time=42.6s [OK]
[  6/80] Sample   3: 1-src RMSE=0.0027 cands=3 time=43.5s [OK]
[  7/80] Sample   6: 1-src RMSE=0.1000 cands=3 time=44.4s [OK]
[  8/80] Sample   8: 1-src RMSE=0.0978 cands=3 time=34.4s [OK]
[  9/80] Sample  12: 1-src RMSE=0.1510 cands=3 time=34.2s [OK]
[ 10/80] Sample   9: 1-src RMSE=0.1883 cands=3 time=43.9s [OK]
[ 11/80] Sample   7: 1-src RMSE=0.2095 cands=3 time=52.7s [OK]
[ 12/80] Sample  10: 1-src RMSE=0.1511 cands=3 time=48.6s [OK]
[ 13/80] Sample  11: 1-src RMSE=0.0571 cands=3 time=54.1s [OK]
[ 14/80] Sample  13: 1-src RMSE=0.0164 cands=2 time=52.6s [OK]
[ 15/80] Sample  16: 1-src RMSE=0.1608 cands=2 time=33.9s [OK]
[ 16/80] Sample  14: 1-src RMSE=0.1500 cands=3 time=52.4s [OK]
[ 17/80] Sample  20: 1-src RMSE=0.0076 cands=3 time=32.1s [OK]
[ 18/80] Sample  15: 1-src RMSE=0.0148 cands=3 time=53.9s [OK]
[ 19/80] Sample  17: 1-src RMSE=0.0999 cands=3 time=52.1s [OK]
[ 20/80] Sample  18: 1-src RMSE=0.1151 cands=3 time=51.4s [OK]
[ 21/80] Sample  21: 1-src RMSE=0.0492 cands=3 time=36.3s [OK]
[ 22/80] Sample  19: 1-src RMSE=0.0997 cands=1 time=54.6s [OK]
[ 23/80] Sample  24: 1-src RMSE=0.1029 cands=3 time=36.2s [OK]
[ 24/80] Sample  25: 1-src RMSE=0.1121 cands=3 time=32.8s [OK]
[ 25/80] Sample  22: 1-src RMSE=0.1157 cands=2 time=53.9s [OK]
[ 26/80] Sample  26: 1-src RMSE=0.1522 cands=3 time=34.6s [OK]
[ 27/80] Sample  23: 1-src RMSE=0.1008 cands=3 time=51.9s [OK]
[ 28/80] Sample  28: 1-src RMSE=0.1114 cands=3 time=35.0s [OK]
[ 29/80] Sample  27: 1-src RMSE=0.1507 cands=3 time=51.0s [OK]
[ 30/80] Sample  31: 1-src RMSE=0.1000 cands=3 time=32.4s [OK]
[ 31/80] Sample  29: 1-src RMSE=0.0991 cands=3 time=42.4s [OK]
[ 32/80] Sample  30: 1-src RMSE=0.1012 cands=3 time=40.9s [OK]
[ 33/80] Sample  33: 2-src RMSE=0.1525 cands=3 time=70.3s [OK]
[ 34/80] Sample  32: 2-src RMSE=0.0315 cands=3 time=91.5s [OK]
[ 35/80] Sample  35: 2-src RMSE=0.1111 cands=3 time=68.7s [OK]
[ 36/80] Sample  34: 2-src RMSE=0.1114 cands=3 time=85.2s [OK]
[ 37/80] Sample  37: 2-src RMSE=0.1536 cands=3 time=67.1s [OK]
[ 38/80] Sample  36: 2-src RMSE=0.2619 cands=3 time=93.7s [OK]
[ 39/80] Sample  38: 2-src RMSE=0.1490 cands=3 time=101.2s [OK]
[ 40/80] Sample  39: 2-src RMSE=0.2759 cands=3 time=63.6s [OK]
[ 41/80] Sample  41: 2-src RMSE=0.1311 cands=3 time=58.9s [OK]
[ 42/80] Sample  40: 2-src RMSE=0.3216 cands=3 time=65.9s [OK]
[ 43/80] Sample  43: 2-src RMSE=0.2090 cands=3 time=64.3s [OK]
[ 44/80] Sample  44: 2-src RMSE=0.1200 cands=3 time=65.5s [OK]
[ 45/80] Sample  42: 2-src RMSE=0.1844 cands=3 time=100.2s [OK]
[ 46/80] Sample  45: 2-src RMSE=0.1990 cands=3 time=64.4s [OK]
[ 47/80] Sample  47: 2-src RMSE=0.1083 cands=3 time=63.2s [OK]
[ 48/80] Sample  48: 2-src RMSE=0.3018 cands=3 time=66.5s [OK]
[ 49/80] Sample  49: 2-src RMSE=0.1546 cands=3 time=65.8s [OK]
[ 50/80] Sample  46: 2-src RMSE=0.1026 cands=3 time=99.4s [OK]
[ 51/80] Sample  50: 2-src RMSE=0.1691 cands=3 time=68.0s [OK]
[ 52/80] Sample  51: 2-src RMSE=0.1833 cands=3 time=64.3s [OK]
[ 53/80] Sample  53: 2-src RMSE=0.0057 cands=3 time=68.1s [OK]
[ 54/80] Sample  54: 2-src RMSE=0.3294 cands=3 time=68.1s [OK]
[ 55/80] Sample  55: 2-src RMSE=0.0170 cands=3 time=64.4s [OK]
[ 56/80] Sample  52: 2-src RMSE=0.1644 cands=3 time=98.8s [OK]
[ 57/80] Sample  56: 2-src RMSE=0.1025 cands=3 time=99.8s [OK]
[ 58/80] Sample  57: 2-src RMSE=0.2113 cands=3 time=81.6s [OK]
[ 59/80] Sample  59: 2-src RMSE=0.0059 cands=3 time=67.6s [OK]
[ 60/80] Sample  60: 2-src RMSE=0.1226 cands=3 time=64.2s [OK]
[ 61/80] Sample  61: 2-src RMSE=0.0729 cands=2 time=64.6s [OK]
[ 62/80] Sample  58: 2-src RMSE=0.0993 cands=3 time=101.3s [OK]
[ 63/80] Sample  62: 2-src RMSE=0.0634 cands=3 time=99.3s [OK]
[ 64/80] Sample  63: 2-src RMSE=0.2064 cands=3 time=65.9s [OK]
[ 65/80] Sample  64: 2-src RMSE=0.1063 cands=3 time=67.3s [OK]
[ 66/80] Sample  66: 2-src RMSE=0.0701 cands=3 time=69.1s [OK]
[ 67/80] Sample  68: 2-src RMSE=0.1127 cands=3 time=66.2s [OK]
[ 68/80] Sample  65: 2-src RMSE=0.1593 cands=3 time=98.7s [OK]
[ 69/80] Sample  67: 2-src RMSE=0.3324 cands=3 time=98.4s [OK]
[ 70/80] Sample  70: 2-src RMSE=0.1217 cands=3 time=62.3s [OK]
[ 71/80] Sample  71: 2-src RMSE=0.1532 cands=3 time=65.1s [OK]
[ 72/80] Sample  72: 2-src RMSE=0.4378 cands=3 time=65.0s [OK]
[ 73/80] Sample  69: 2-src RMSE=0.3373 cands=3 time=98.8s [OK]
[ 74/80] Sample  73: 2-src RMSE=0.1970 cands=3 time=89.8s [OK]
[ 75/80] Sample  74: 2-src RMSE=0.1853 cands=3 time=70.0s [OK]
[ 76/80] Sample  77: 2-src RMSE=0.1668 cands=3 time=75.1s [OK]
[ 77/80] Sample  75: 2-src RMSE=0.1028 cands=3 time=92.1s [OK]
[ 78/80] Sample  76: 2-src RMSE=0.1151 cands=3 time=108.9s [OK]
[ 79/80] Sample  79: 2-src RMSE=0.1354 cands=2 time=78.9s [OK]
[ 80/80] Sample  78: 2-src RMSE=0.1563 cands=3 time=110.1s [OK]

======================================================================
RESULTS - IPOP-CMA-ES with Temporal Fidelity
======================================================================
RMSE:             0.138447
Submission Score: 1.1727
Projected (400):  64.9 min

  1-source: RMSE=0.1048 (n=32)
  2-source: RMSE=0.1609 (n=48)

Baseline (8 NM polish): 1.1688 @ 58.4 min
This run:               1.1727 @ 64.9 min
Delta:                  +0.0039 score, +6.5 min

OVER BUDGET
======================================================================

