
============================================================
EARLY STOP POLISH CONVERGENCE EXPERIMENT
============================================================
Samples: 80 (32 1-source, 48 2-source)
Workers: 7
Early stop threshold: 0.001
Min NM iters: 3
Consecutive iters: 2
Max NM iters: 8
Use saved budget for 2nd: False
============================================================
[  1/80] Sample   4: 1-src RMSE=0.1506 cands=3 time=191.2s [OK] [EARLY_STOP]
[  2/80] Sample   2: 1-src RMSE=0.0107 cands=3 time=193.2s [OK] [EARLY_STOP]
[  3/80] Sample   1: 1-src RMSE=0.1843 cands=3 time=210.6s [OK]
[  4/80] Sample   5: 1-src RMSE=0.2508 cands=3 time=248.2s [OK] [EARLY_STOP]
[  5/80] Sample   0: 1-src RMSE=0.1245 cands=2 time=251.1s [OK] [EARLY_STOP]
[  6/80] Sample   6: 1-src RMSE=0.1898 cands=3 time=261.0s [OK] [EARLY_STOP]
[  7/80] Sample   3: 1-src RMSE=0.0212 cands=3 time=290.8s [OK] [EARLY_STOP]
[  8/80] Sample   8: 1-src RMSE=0.1017 cands=2 time=179.2s [OK] [EARLY_STOP]
[  9/80] Sample   9: 1-src RMSE=0.1617 cands=2 time=227.7s [OK] [EARLY_STOP]
[ 10/80] Sample  12: 1-src RMSE=0.1509 cands=3 time=187.7s [OK] [EARLY_STOP]
[ 11/80] Sample  10: 1-src RMSE=0.1582 cands=3 time=285.7s [OK] [EARLY_STOP]
[ 12/80] Sample  11: 1-src RMSE=0.1620 cands=3 time=293.4s [OK] [EARLY_STOP]
[ 13/80] Sample  13: 1-src RMSE=0.1173 cands=2 time=290.8s [OK] [EARLY_STOP]
[ 14/80] Sample  16: 1-src RMSE=0.1554 cands=2 time=164.7s [OK] [EARLY_STOP]
[ 15/80] Sample  14: 1-src RMSE=0.1726 cands=3 time=265.9s [OK] [EARLY_STOP]
[ 16/80] Sample  15: 1-src RMSE=0.1229 cands=3 time=268.3s [OK] [EARLY_STOP]
[ 17/80] Sample   7: 1-src RMSE=0.3832 cands=3 time=534.9s [OK] [EARLY_STOP]
[ 18/80] Sample  20: 1-src RMSE=0.0748 cands=2 time=172.5s [OK] [EARLY_STOP]
[ 19/80] Sample  17: 1-src RMSE=0.0999 cands=2 time=277.2s [OK] [EARLY_STOP]
[ 20/80] Sample  21: 1-src RMSE=0.3785 cands=2 time=174.0s [OK] [EARLY_STOP]
[ 21/80] Sample  19: 1-src RMSE=0.1262 cands=3 time=250.9s [OK] [EARLY_STOP]
[ 22/80] Sample  24: 1-src RMSE=0.3338 cands=3 time=183.4s [OK] [EARLY_STOP]
[ 23/80] Sample  22: 1-src RMSE=0.2208 cands=3 time=274.0s [OK] [EARLY_STOP]
[ 24/80] Sample  25: 1-src RMSE=0.1085 cands=2 time=180.3s [OK] [EARLY_STOP]
[ 25/80] Sample  23: 1-src RMSE=0.1039 cands=2 time=267.5s [OK] [EARLY_STOP]
[ 26/80] Sample  26: 1-src RMSE=0.1773 cands=3 time=185.0s [OK] [EARLY_STOP]
[ 27/80] Sample  18: 1-src RMSE=0.2113 cands=3 time=504.5s [OK] [EARLY_STOP]
[ 28/80] Sample  27: 1-src RMSE=0.1529 cands=1 time=297.2s [OK] [EARLY_STOP]
[ 29/80] Sample  29: 1-src RMSE=0.1117 cands=1 time=198.4s [OK] [EARLY_STOP]
[ 30/80] Sample  31: 1-src RMSE=0.1004 cands=3 time=194.0s [OK] [EARLY_STOP]
[ 31/80] Sample  30: 1-src RMSE=0.1083 cands=3 time=226.3s [OK] [EARLY_STOP]
[ 32/80] Sample  28: 1-src RMSE=0.6815 cands=3 time=381.3s [OK] [EARLY_STOP]
[ 33/80] Sample  33: 2-src RMSE=0.1671 cands=3 time=470.8s [OK] [EARLY_STOP]
[ 34/80] Sample  32: 2-src RMSE=0.1005 cands=3 time=618.3s [OK] [EARLY_STOP]
[ 35/80] Sample  35: 2-src RMSE=0.1055 cands=3 time=444.1s [OK] [EARLY_STOP]
[ 36/80] Sample  37: 2-src RMSE=0.1561 cands=3 time=466.7s [OK] [EARLY_STOP]
[ 37/80] Sample  36: 2-src RMSE=0.1118 cands=2 time=656.1s [OK] [EARLY_STOP]
[ 38/80] Sample  39: 2-src RMSE=0.2039 cands=3 time=450.1s [OK] [EARLY_STOP]
[ 39/80] Sample  38: 2-src RMSE=0.1653 cands=3 time=751.3s [OK] [EARLY_STOP]
[ 40/80] Sample  41: 2-src RMSE=0.1652 cands=3 time=495.5s [OK]
[ 41/80] Sample  34: 2-src RMSE=0.4986 cands=3 time=1160.5s [OK] [EARLY_STOP]
[ 42/80] Sample  43: 2-src RMSE=0.1518 cands=3 time=463.3s [OK] [EARLY_STOP]
[ 43/80] Sample  42: 2-src RMSE=0.2124 cands=3 time=667.1s [OK] [EARLY_STOP]
[ 44/80] Sample  44: 2-src RMSE=0.2142 cands=3 time=521.5s [OK] [EARLY_STOP]
[ 45/80] Sample  45: 2-src RMSE=0.3184 cands=3 time=515.5s [OK]
[ 46/80] Sample  40: 2-src RMSE=0.2929 cands=3 time=1076.8s [OK] [EARLY_STOP]
[ 47/80] Sample  48: 2-src RMSE=0.2920 cands=3 time=449.9s [OK] [EARLY_STOP]
[ 48/80] Sample  47: 2-src RMSE=0.1153 cands=3 time=499.3s [OK] [EARLY_STOP]
[ 49/80] Sample  46: 2-src RMSE=0.2187 cands=3 time=680.8s [OK] [EARLY_STOP]
[ 50/80] Sample  49: 2-src RMSE=0.1698 cands=3 time=491.9s [OK] [EARLY_STOP]
[ 51/80] Sample  50: 2-src RMSE=0.1839 cands=3 time=485.8s [OK] [EARLY_STOP]
[ 52/80] Sample  51: 2-src RMSE=0.2360 cands=3 time=474.7s [OK] [EARLY_STOP][[ 53/80] Sample  53: 2-src RMSE=0.0867 cands=3 time=467.3s [OK] [EARLY_STOP]
[ 54/80] Sample  55: 2-src RMSE=0.2409 cands=3 time=471.2s [OK] [EARLY_STOP]
[ 55/80] Sample  54: 2-src RMSE=0.1346 cands=3 time=505.2s [OK]
[ 56/80] Sample  52: 2-src RMSE=0.3739 cands=3 time=633.3s [OK] [EARLY_STOP][[ 57/80] Sample  56: 2-src RMSE=0.1020 cands=3 time=649.9s [OK] [EARLY_STOP][[ 58/80] Sample  59: 2-src RMSE=0.0943 cands=3 time=446.0s [OK] [EARLY_STOP]
[ 59/80] Sample  60: 2-src RMSE=0.1386 cands=3 time=450.7s [OK] [EARLY_STOP]
[ 60/80] Sample  61: 2-src RMSE=0.2179 cands=3 time=522.7s [OK] [EARLY_STOP]
[ 61/80] Sample  58: 2-src RMSE=0.2011 cands=3 time=792.9s [OK][ 62/80] Sample  62: 2-src RMSE=0.3711 cands=3 time=722.7s [OK] [EARLY_STOP]
[ 63/80] Sample  64: 2-src RMSE=0.1449 cands=3 time=471.0s [OK] [EARLY_STOP]
[ 64/80] Sample  66: 2-src RMSE=0.1010 cands=3 time=507.1s [OK] [EARLY_STOP]
[[ 65/80] Sample  66: 2-src RMSE=0.2817 cands=3 time=484.9s [OK] [ 66/80] Sample  63: 2-src RMSE=0.4505 cands=3 time=941.8s [OK] [EARLY_STOP]
[[ 67/80] Sample  68: 2-src RMSE=0.1586 cands=3 time=527.4s [OK][ 68/80] Sampl[ 68/80] Sample  65: 2-src RMSE=0.3490 cands=3 time=854.2s [OK]
[ 69/80] Sample  70: 2-src RMSE=0.1636 cands=3 time=477.5s [OK] [EARLY_STOP]
[ 70/80] Sample  67: 2-src RMSE=0.4753 cands=3 time=816.9s [OK] [EARLY_STOP][ 71/80] Sample  71: 2-src RMSE=0.2892 cands=3 time=588.6s [OK]
[ 72/80] Sample  72: 2-src RMSE=0.2796 cands=3 time=486.0s [OK] [EARLY_STOP]
[ 73/80] Sample  74: 2-src RMSE=0.2203 cands=3 time=552.6s [OK] [EARLY_STOP]
[ 74/80] Sampl[ 74/80] Sample  73: 2-src RMSE=0.2051 cands=3 time=604.6s [OK] [EARLY_STOP]
[ 75/80] Sample  74: 2-src RMSE=0.2146 cands=3 time=522.4s [OK][ 76/80] Sample  77: 2-src RMSE=0.1831 cands=3 time=455.1s [OK] [EARLY_STOP]
[ 77/80] Sample  76: 2-src RMSE=0.2587 cands=3 time=681.5s [OK]
[ 78/80] Sample  79: 2-src RMSE=0.1290 cands=2 time=310.7s [OK] [EARLY_STOP]
[ 79/80] Sample  69: 2-src RMSE=0.3390 cands=3 time=1280.6s [OK] [EARLY_STOP]
[ 80/80] Sample  78: 2-src RMSE=0.2038 cands=3 time=495.2s [OK] [EARLY_STOP]

======================================================================
RESULTS - Early Stop Polish Convergence
======================================================================
Score:            1.1255
RMSE mean:        0.2006
Total time:       5374.3s
Projected (400):  447.9 min

  1-source: RMSE=0.1465 (n=32, time=229.7s)
  2-source: RMSE=0.2367 (n=48, time=615.0s)

Early stopping stats:
  Samples early stopped: 71/80 (88.8%)
  Total iterations saved: 270
  Avg iters saved per sample: 3.38

Baseline:  1.1468 @ 54.2 min (perturbation_plus_verification)
This run:  1.1255 @ 447.9 min
Delta:     -0.0213 score, +393.7 min

STATUS: OVER BUDGET
======================================================================

===========

